2025-01-30 17:56:02,086 ERROR o.s.b.d.LoggingFailureAnalysisReporter [main] 

***************************
APPLICATION FAILED TO START
***************************

Description:

Failed to bind properties under 'logging.level.org.hibernate.sql' to org.springframework.boot.logging.LogLevel:

    Property: logging.level.org.hibernate.sql
    Value: "${LOG_HIBERNATE_SQL}"
    Origin: class path resource [application.properties] - 35:33
    Reason: failed to convert java.lang.String to org.springframework.boot.logging.LogLevel (caused by java.lang.IllegalArgumentException: No enum constant org.springframework.boot.logging.LogLevel.${LOG_HIBERNATE_SQL})

Action:

Update your application's configuration. The following values are valid:

    DEBUG
    ERROR
    FATAL
    INFO
    OFF
    TRACE
    WARN

2025-01-30 18:01:14,649 ERROR o.s.b.d.LoggingFailureAnalysisReporter [main] 

***************************
APPLICATION FAILED TO START
***************************

Description:

Failed to bind properties under 'logging.level.org.hibernate.sql' to org.springframework.boot.logging.LogLevel:

    Property: logging.level.org.hibernate.sql
    Value: "${LOG_HIBERNATE_SQL}"
    Origin: class path resource [application.properties] - 35:33
    Reason: failed to convert java.lang.String to org.springframework.boot.logging.LogLevel (caused by java.lang.IllegalArgumentException: No enum constant org.springframework.boot.logging.LogLevel.${LOG_HIBERNATE_SQL})

Action:

Update your application's configuration. The following values are valid:

    DEBUG
    ERROR
    FATAL
    INFO
    OFF
    TRACE
    WARN

2025-01-30 18:04:41,248 ERROR o.s.b.d.LoggingFailureAnalysisReporter [main] 

***************************
APPLICATION FAILED TO START
***************************

Description:

Failed to bind properties under 'logging.level.org.hibernate.sql' to org.springframework.boot.logging.LogLevel:

    Property: logging.level.org.hibernate.sql
    Value: "${LOG_HIBERNATE_SQL}"
    Origin: class path resource [application.properties] - 35:33
    Reason: failed to convert java.lang.String to org.springframework.boot.logging.LogLevel (caused by java.lang.IllegalArgumentException: No enum constant org.springframework.boot.logging.LogLevel.${LOG_HIBERNATE_SQL})

Action:

Update your application's configuration. The following values are valid:

    DEBUG
    ERROR
    FATAL
    INFO
    OFF
    TRACE
    WARN

