2025-01-28 22:53:48,043 INFO o.s.b.w.e.t.GracefulShutdown [tomcat-shutdown] Graceful shutdown complete
2025-01-28 22:53:48,053 INFO o.s.o.j.LocalContainerEntityManagerFactoryBean [SpringApplicationShutdownHook] Closing JPA EntityManagerFactory for persistence unit 'default'
2025-01-28 22:53:48,055 INFO c.z.h.HikariDataSource [SpringApplicationShutdownHook] HikariPool-1 - Shutdown initiated...
2025-01-28 22:53:48,155 INFO c.z.h.HikariDataSource [SpringApplicationShutdownHook] HikariPool-1 - Shutdown completed.
2025-01-28 22:53:50,325 INFO c.p.w.WaladomApplication [main] Starting WaladomApplication using Java 23.0.1 with PID 59208 (/home/ibo/projects/waladom/backend/waladomBackEnd/waladom/target/classes started by ibo in /home/ibo/projects/waladom/backend/waladomBackEnd/waladom)
2025-01-28 22:53:50,326 DEBUG c.p.w.WaladomApplication [main] Running with Spring Boot v3.4.1, Spring v6.2.1
2025-01-28 22:53:50,327 INFO c.p.w.WaladomApplication [main] No active profile set, falling back to 1 default profile: "default"
2025-01-28 22:53:51,165 INFO o.s.d.r.c.RepositoryConfigurationDelegate [main] Bootstrapping Spring Data JPA repositories in DEFAULT mode.
2025-01-28 22:53:51,248 INFO o.s.d.r.c.RepositoryConfigurationDelegate [main] Finished Spring Data repository scanning in 72 ms. Found 13 JPA repository interfaces.
2025-01-28 22:53:51,877 INFO o.s.b.w.e.t.TomcatWebServer [main] Tomcat initialized with port 8083 (http)
2025-01-28 22:53:51,892 INFO o.a.c.c.StandardService [main] Starting service [Tomcat]
2025-01-28 22:53:51,893 INFO o.a.c.c.StandardEngine [main] Starting Servlet engine: [Apache Tomcat/10.1.34]
2025-01-28 22:53:51,947 INFO o.a.c.c.C.[.[.[/] [main] Initializing Spring embedded WebApplicationContext
2025-01-28 22:53:51,947 INFO o.s.b.w.s.c.ServletWebServerApplicationContext [main] Root WebApplicationContext: initialization completed in 1561 ms
2025-01-28 22:53:52,008 DEBUG c.p.w.o.JwtAuthenticationFilter [main] Filter 'jwtAuthenticationFilter' configured for use
2025-01-28 22:53:52,127 INFO o.h.j.i.u.LogHelper [main] HHH000204: Processing PersistenceUnitInfo [name: default]
2025-01-28 22:53:52,186 INFO o.h.Version [main] HHH000412: Hibernate ORM core version 6.6.4.Final
2025-01-28 22:53:52,211 INFO o.h.c.i.RegionFactoryInitiator [main] HHH000026: Second-level cache disabled
2025-01-28 22:53:52,437 INFO o.s.o.j.p.SpringPersistenceUnitInfo [main] No LoadTimeWeaver setup: ignoring JPA class transformer
2025-01-28 22:53:52,465 INFO c.z.h.HikariDataSource [main] HikariPool-1 - Starting...
2025-01-28 22:53:53,273 INFO c.z.h.p.HikariPool [main] HikariPool-1 - Added connection org.postgresql.jdbc.PgConnection@2f166d61
2025-01-28 22:53:53,275 INFO c.z.h.HikariDataSource [main] HikariPool-1 - Start completed.
2025-01-28 22:53:53,556 INFO o.h.o.c.pooling [main] HHH10001005: Database info:
	Database JDBC URL [Connecting through datasource 'HikariDataSource (HikariPool-1)']
	Database driver: undefined/unknown
	Database version: 16.3
	Autocommit mode: undefined/unknown
	Isolation level: undefined/unknown
	Minimum pool size: undefined/unknown
	Maximum pool size: undefined/unknown
2025-01-28 22:53:54,514 INFO o.h.e.t.j.p.i.JtaPlatformInitiator [main] HHH000489: No JTA platform available (set 'hibernate.transaction.jta.platform' to enable JTA platform integration)
2025-01-28 22:53:56,795 INFO o.s.o.j.LocalContainerEntityManagerFactoryBean [main] Initialized JPA EntityManagerFactory for persistence unit 'default'
2025-01-28 22:53:57,107 INFO o.s.d.j.r.q.QueryEnhancerFactory [main] Hibernate is in classpath; If applicable, HQL parser will be used.
2025-01-28 22:53:58,675 INFO c.p.w.u.UserController [main] UserController initialized with UserService, UserAndRegistrationService, and ObjectMapper.
2025-01-28 22:53:58,718 WARN o.s.b.a.o.j.JpaBaseConfiguration$JpaWebConfiguration [main] spring.jpa.open-in-view is enabled by default. Therefore, database queries may be performed during view rendering. Explicitly configure spring.jpa.open-in-view to disable this warning
2025-01-28 22:53:58,778 INFO o.s.s.c.a.a.c.InitializeUserDetailsBeanManagerConfigurer$InitializeUserDetailsManagerConfigurer [main] Global AuthenticationManager configured with UserDetailsService bean with name inMemoryUserDetailsManager
2025-01-28 22:53:58,824 WARN o.s.s.c.a.w.c.AuthorizeHttpRequestsConfigurer$AuthorizationManagerRequestMatcherRegistry [main] One of the patterns in [/api/auth/login, /api/auth/refresh, /api/user/createDTO, api/verification/**, /public/**, /api/user/password/**, /api/user/register/create] is missing a leading slash. This is discouraged; please include the leading slash in all your request matcher patterns. In future versions of Spring Security, leaving out the leading slash will result in an exception.
2025-01-28 22:53:59,491 INFO o.s.b.w.e.t.TomcatWebServer [main] Tomcat started on port 8083 (http) with context path '/'
2025-01-28 22:53:59,500 INFO c.p.w.WaladomApplication [main] Started WaladomApplication in 9.589 seconds (process running for 10.379)
2025-01-28 22:53:59,503 INFO c.p.w.WaladomApplication [main] Waladom application is running....
2025-01-28 23:48:16,772 INFO o.s.b.w.e.t.GracefulShutdown [SpringApplicationShutdownHook] Commencing graceful shutdown. Waiting for active requests to complete
2025-01-28 23:48:16,857 INFO o.s.b.w.e.t.GracefulShutdown [tomcat-shutdown] Graceful shutdown complete
2025-01-28 23:48:16,957 INFO o.s.o.j.LocalContainerEntityManagerFactoryBean [SpringApplicationShutdownHook] Closing JPA EntityManagerFactory for persistence unit 'default'
2025-01-28 23:48:17,043 INFO c.z.h.HikariDataSource [SpringApplicationShutdownHook] HikariPool-1 - Shutdown initiated...
2025-01-28 23:48:17,166 INFO c.z.h.HikariDataSource [SpringApplicationShutdownHook] HikariPool-1 - Shutdown completed.
2025-01-28 23:48:22,144 INFO c.p.w.WaladomApplication [main] Starting WaladomApplication using Java 23.0.1 with PID 63590 (/home/ibo/projects/waladom/backend/waladomBackEnd/waladom/target/classes started by ibo in /home/ibo/projects/waladom/backend/waladomBackEnd/waladom)
2025-01-28 23:48:22,146 DEBUG c.p.w.WaladomApplication [main] Running with Spring Boot v3.4.1, Spring v6.2.1
2025-01-28 23:48:22,147 INFO c.p.w.WaladomApplication [main] No active profile set, falling back to 1 default profile: "default"
2025-01-28 23:48:23,167 INFO o.s.d.r.c.RepositoryConfigurationDelegate [main] Bootstrapping Spring Data JPA repositories in DEFAULT mode.
2025-01-28 23:48:23,249 INFO o.s.d.r.c.RepositoryConfigurationDelegate [main] Finished Spring Data repository scanning in 72 ms. Found 13 JPA repository interfaces.
2025-01-28 23:48:24,013 INFO o.s.b.w.e.t.TomcatWebServer [main] Tomcat initialized with port 8083 (http)
2025-01-28 23:48:24,045 INFO o.a.c.c.StandardService [main] Starting service [Tomcat]
2025-01-28 23:48:24,046 INFO o.a.c.c.StandardEngine [main] Starting Servlet engine: [Apache Tomcat/10.1.34]
2025-01-28 23:48:24,119 INFO o.a.c.c.C.[.[.[/] [main] Initializing Spring embedded WebApplicationContext
2025-01-28 23:48:24,120 INFO o.s.b.w.s.c.ServletWebServerApplicationContext [main] Root WebApplicationContext: initialization completed in 1904 ms
2025-01-28 23:48:24,224 DEBUG c.p.w.o.JwtAuthenticationFilter [main] Filter 'jwtAuthenticationFilter' configured for use
2025-01-28 23:48:24,372 INFO o.h.j.i.u.LogHelper [main] HHH000204: Processing PersistenceUnitInfo [name: default]
2025-01-28 23:48:24,440 INFO o.h.Version [main] HHH000412: Hibernate ORM core version 6.6.4.Final
2025-01-28 23:48:24,476 INFO o.h.c.i.RegionFactoryInitiator [main] HHH000026: Second-level cache disabled
2025-01-28 23:48:24,719 INFO o.s.o.j.p.SpringPersistenceUnitInfo [main] No LoadTimeWeaver setup: ignoring JPA class transformer
2025-01-28 23:48:24,744 INFO c.z.h.HikariDataSource [main] HikariPool-1 - Starting...
2025-01-28 23:48:25,566 INFO c.z.h.p.HikariPool [main] HikariPool-1 - Added connection org.postgresql.jdbc.PgConnection@4449b273
2025-01-28 23:48:25,568 INFO c.z.h.HikariDataSource [main] HikariPool-1 - Start completed.
2025-01-28 23:48:25,865 INFO o.h.o.c.pooling [main] HHH10001005: Database info:
	Database JDBC URL [Connecting through datasource 'HikariDataSource (HikariPool-1)']
	Database driver: undefined/unknown
	Database version: 16.3
	Autocommit mode: undefined/unknown
	Isolation level: undefined/unknown
	Minimum pool size: undefined/unknown
	Maximum pool size: undefined/unknown
2025-01-28 23:48:27,282 INFO o.h.e.t.j.p.i.JtaPlatformInitiator [main] HHH000489: No JTA platform available (set 'hibernate.transaction.jta.platform' to enable JTA platform integration)
2025-01-28 23:48:29,526 INFO o.s.o.j.LocalContainerEntityManagerFactoryBean [main] Initialized JPA EntityManagerFactory for persistence unit 'default'
2025-01-28 23:48:29,981 INFO o.s.d.j.r.q.QueryEnhancerFactory [main] Hibernate is in classpath; If applicable, HQL parser will be used.
2025-01-28 23:48:31,783 INFO c.p.w.u.UserController [main] UserController initialized with UserService, UserAndRegistrationService, and ObjectMapper.
2025-01-28 23:48:31,832 WARN o.s.b.a.o.j.JpaBaseConfiguration$JpaWebConfiguration [main] spring.jpa.open-in-view is enabled by default. Therefore, database queries may be performed during view rendering. Explicitly configure spring.jpa.open-in-view to disable this warning
2025-01-28 23:48:31,884 INFO o.s.s.c.a.a.c.InitializeUserDetailsBeanManagerConfigurer$InitializeUserDetailsManagerConfigurer [main] Global AuthenticationManager configured with UserDetailsService bean with name inMemoryUserDetailsManager
2025-01-28 23:48:31,934 WARN o.s.s.c.a.w.c.AuthorizeHttpRequestsConfigurer$AuthorizationManagerRequestMatcherRegistry [main] One of the patterns in [/api/auth/login, /api/auth/refresh, /api/user/createDTO, api/verification/**, /public/**, /api/user/password/**, /api/user/register/create] is missing a leading slash. This is discouraged; please include the leading slash in all your request matcher patterns. In future versions of Spring Security, leaving out the leading slash will result in an exception.
2025-01-28 23:48:32,653 INFO o.s.b.w.e.t.TomcatWebServer [main] Tomcat started on port 8083 (http) with context path '/'
2025-01-28 23:48:32,662 INFO c.p.w.WaladomApplication [main] Started WaladomApplication in 10.944 seconds (process running for 11.725)
2025-01-28 23:48:32,665 INFO c.p.w.WaladomApplication [main] Waladom application is running....
2025-01-28 23:53:13,069 INFO o.s.b.w.e.t.GracefulShutdown [SpringApplicationShutdownHook] Commencing graceful shutdown. Waiting for active requests to complete
2025-01-28 23:53:13,072 INFO o.s.b.w.e.t.GracefulShutdown [tomcat-shutdown] Graceful shutdown complete
2025-01-28 23:53:13,079 INFO o.s.o.j.LocalContainerEntityManagerFactoryBean [SpringApplicationShutdownHook] Closing JPA EntityManagerFactory for persistence unit 'default'
2025-01-28 23:53:13,082 INFO c.z.h.HikariDataSource [SpringApplicationShutdownHook] HikariPool-1 - Shutdown initiated...
2025-01-28 23:53:13,193 INFO c.z.h.HikariDataSource [SpringApplicationShutdownHook] HikariPool-1 - Shutdown completed.
2025-01-28 23:53:16,509 INFO c.p.w.WaladomApplication [main] Starting WaladomApplication using Java 23.0.1 with PID 63997 (/home/ibo/projects/waladom/backend/waladomBackEnd/waladom/target/classes started by ibo in /home/ibo/projects/waladom/backend/waladomBackEnd/waladom)
2025-01-28 23:53:16,512 DEBUG c.p.w.WaladomApplication [main] Running with Spring Boot v3.4.1, Spring v6.2.1
2025-01-28 23:53:16,513 INFO c.p.w.WaladomApplication [main] No active profile set, falling back to 1 default profile: "default"
2025-01-28 23:53:17,444 INFO o.s.d.r.c.RepositoryConfigurationDelegate [main] Bootstrapping Spring Data JPA repositories in DEFAULT mode.
2025-01-28 23:53:17,540 INFO o.s.d.r.c.RepositoryConfigurationDelegate [main] Finished Spring Data repository scanning in 87 ms. Found 13 JPA repository interfaces.
2025-01-28 23:53:18,293 INFO o.s.b.w.e.t.TomcatWebServer [main] Tomcat initialized with port 8083 (http)
2025-01-28 23:53:18,308 INFO o.a.c.c.StandardService [main] Starting service [Tomcat]
2025-01-28 23:53:18,308 INFO o.a.c.c.StandardEngine [main] Starting Servlet engine: [Apache Tomcat/10.1.34]
2025-01-28 23:53:18,359 INFO o.a.c.c.C.[.[.[/] [main] Initializing Spring embedded WebApplicationContext
2025-01-28 23:53:18,360 INFO o.s.b.w.s.c.ServletWebServerApplicationContext [main] Root WebApplicationContext: initialization completed in 1782 ms
2025-01-28 23:53:18,442 DEBUG c.p.w.o.JwtAuthenticationFilter [main] Filter 'jwtAuthenticationFilter' configured for use
2025-01-28 23:53:18,602 INFO o.h.j.i.u.LogHelper [main] HHH000204: Processing PersistenceUnitInfo [name: default]
2025-01-28 23:53:18,670 INFO o.h.Version [main] HHH000412: Hibernate ORM core version 6.6.4.Final
2025-01-28 23:53:18,704 INFO o.h.c.i.RegionFactoryInitiator [main] HHH000026: Second-level cache disabled
2025-01-28 23:53:18,963 INFO o.s.o.j.p.SpringPersistenceUnitInfo [main] No LoadTimeWeaver setup: ignoring JPA class transformer
2025-01-28 23:53:18,993 INFO c.z.h.HikariDataSource [main] HikariPool-1 - Starting...
2025-01-28 23:53:19,738 INFO c.z.h.p.HikariPool [main] HikariPool-1 - Added connection org.postgresql.jdbc.PgConnection@4449b273
2025-01-28 23:53:19,740 INFO c.z.h.HikariDataSource [main] HikariPool-1 - Start completed.
2025-01-28 23:53:20,012 INFO o.h.o.c.pooling [main] HHH10001005: Database info:
	Database JDBC URL [Connecting through datasource 'HikariDataSource (HikariPool-1)']
	Database driver: undefined/unknown
	Database version: 16.3
	Autocommit mode: undefined/unknown
	Isolation level: undefined/unknown
	Minimum pool size: undefined/unknown
	Maximum pool size: undefined/unknown
2025-01-28 23:53:21,038 INFO o.h.e.t.j.p.i.JtaPlatformInitiator [main] HHH000489: No JTA platform available (set 'hibernate.transaction.jta.platform' to enable JTA platform integration)
2025-01-28 23:53:23,137 INFO o.s.o.j.LocalContainerEntityManagerFactoryBean [main] Initialized JPA EntityManagerFactory for persistence unit 'default'
2025-01-28 23:53:23,475 INFO o.s.d.j.r.q.QueryEnhancerFactory [main] Hibernate is in classpath; If applicable, HQL parser will be used.
2025-01-28 23:53:25,188 INFO c.p.w.u.UserController [main] UserController initialized with UserService, UserAndRegistrationService, and ObjectMapper.
2025-01-28 23:53:25,227 WARN o.s.b.a.o.j.JpaBaseConfiguration$JpaWebConfiguration [main] spring.jpa.open-in-view is enabled by default. Therefore, database queries may be performed during view rendering. Explicitly configure spring.jpa.open-in-view to disable this warning
2025-01-28 23:53:25,269 INFO o.s.s.c.a.a.c.InitializeUserDetailsBeanManagerConfigurer$InitializeUserDetailsManagerConfigurer [main] Global AuthenticationManager configured with UserDetailsService bean with name inMemoryUserDetailsManager
2025-01-28 23:53:25,317 WARN o.s.s.c.a.w.c.AuthorizeHttpRequestsConfigurer$AuthorizationManagerRequestMatcherRegistry [main] One of the patterns in [/api/auth/login, /api/auth/refresh, /api/user/createDTO, api/verification/**, /public/**, /api/user/password/**, /api/user/register/create] is missing a leading slash. This is discouraged; please include the leading slash in all your request matcher patterns. In future versions of Spring Security, leaving out the leading slash will result in an exception.
2025-01-28 23:53:25,955 INFO o.s.b.w.e.t.TomcatWebServer [main] Tomcat started on port 8083 (http) with context path '/'
2025-01-28 23:53:25,963 INFO c.p.w.WaladomApplication [main] Started WaladomApplication in 9.917 seconds (process running for 10.687)
2025-01-28 23:53:25,965 INFO c.p.w.WaladomApplication [main] Waladom application is running....
2025-01-28 23:53:35,119 INFO o.a.c.c.C.[.[.[/] [http-nio-8083-exec-1] Initializing Spring DispatcherServlet 'dispatcherServlet'
2025-01-28 23:53:35,119 INFO o.s.w.s.DispatcherServlet [http-nio-8083-exec-1] Initializing Servlet 'dispatcherServlet'
2025-01-28 23:53:35,122 INFO o.s.w.s.DispatcherServlet [http-nio-8083-exec-1] Completed initialization in 3 ms
2025-01-28 23:53:35,151 INFO c.p.w.o.JwtAuthenticationFilter [http-nio-8083-exec-1] Processing request URI: /api/report/create
2025-01-28 23:53:35,151 DEBUG c.p.w.o.JwtAuthenticationFilter [http-nio-8083-exec-1] Extracted token: eyJhbGciOiJIUzI1NiIsInR5cCI6IkpXVCJ9.eyJzdWIiOiJqYW1hU3RvcEBleGFtcGxlLmNvbSIsImlhdCI6MTczNzc0MTM5MSwiZXhwIjoxNzM4MzQ2MTkxfQ.6FkPJgTNV_h_5KsQVYvnqnfix3Y5qq24jGRYuBM4u94
2025-01-28 23:53:35,151 INFO c.p.w.o.JwtTokenUtil [http-nio-8083-exec-1] Validating token
2025-01-28 23:53:35,180 DEBUG c.p.w.o.JwtTokenUtil [http-nio-8083-exec-1] Token validation successful
2025-01-28 23:53:35,181 INFO c.p.w.o.JwtTokenUtil [http-nio-8083-exec-1] Extracting email from token
2025-01-28 23:53:35,181 DEBUG c.p.w.o.JwtTokenUtil [http-nio-8083-exec-1] Extracted email: jamaStop@example.com
2025-01-28 23:53:35,181 INFO c.p.w.o.JwtTokenUtil [http-nio-8083-exec-1] Extracting role from token
2025-01-28 23:53:35,181 DEBUG c.p.w.o.JwtTokenUtil [http-nio-8083-exec-1] Extracted role: null
2025-01-28 23:53:35,181 INFO c.p.w.o.JwtAuthenticationFilter [http-nio-8083-exec-1] Token is valid. Email: jamaStop@example.com, Role: null
2025-01-28 23:53:35,183 INFO c.p.w.o.JwtAuthenticationFilter [http-nio-8083-exec-1] User 'jamaStop@example.com' authenticated successfully with role: ROLE_null
2025-01-28 23:53:35,183 DEBUG c.p.w.o.JwtAuthenticationFilter [http-nio-8083-exec-1] Proceeding with the filter chain for request: /api/report/create
2025-01-28 23:53:45,796 INFO c.p.w.o.JwtAuthenticationFilter [http-nio-8083-exec-2] Processing request URI: /api/report/create
2025-01-28 23:53:45,797 DEBUG c.p.w.o.JwtAuthenticationFilter [http-nio-8083-exec-2] Extracted token: eyJhbGciOiJIUzI1NiIsInR5cCI6IkpXVCJ9.eyJzdWIiOiJqYW1hU3RvcEBleGFtcGxlLmNvbSIsImlhdCI6MTczNzc0MTM5MSwiZXhwIjoxNzM4MzQ2MTkxfQ.6FkPJgTNV_h_5KsQVYvnqnfix3Y5qq24jGRYuBM4u94
2025-01-28 23:53:45,797 INFO c.p.w.o.JwtTokenUtil [http-nio-8083-exec-2] Validating token
2025-01-28 23:53:45,797 DEBUG c.p.w.o.JwtTokenUtil [http-nio-8083-exec-2] Token validation successful
2025-01-28 23:53:45,797 INFO c.p.w.o.JwtTokenUtil [http-nio-8083-exec-2] Extracting email from token
2025-01-28 23:53:45,797 DEBUG c.p.w.o.JwtTokenUtil [http-nio-8083-exec-2] Extracted email: jamaStop@example.com
2025-01-28 23:53:45,797 INFO c.p.w.o.JwtTokenUtil [http-nio-8083-exec-2] Extracting role from token
2025-01-28 23:53:45,798 DEBUG c.p.w.o.JwtTokenUtil [http-nio-8083-exec-2] Extracted role: null
2025-01-28 23:53:45,798 INFO c.p.w.o.JwtAuthenticationFilter [http-nio-8083-exec-2] Token is valid. Email: jamaStop@example.com, Role: null
2025-01-28 23:53:45,798 INFO c.p.w.o.JwtAuthenticationFilter [http-nio-8083-exec-2] User 'jamaStop@example.com' authenticated successfully with role: ROLE_null
2025-01-28 23:53:45,798 DEBUG c.p.w.o.JwtAuthenticationFilter [http-nio-8083-exec-2] Proceeding with the filter chain for request: /api/report/create
2025-01-28 23:53:45,853 INFO c.p.w.r.ReportController [http-nio-8083-exec-2] Request received to create a new report.
2025-01-28 23:53:45,936 DEBUG o.h.SQL [http-nio-8083-exec-2] 
    select
        u1_0.ID,
        u1_0.BIRTH_CITY,
        u1_0.BIRTH_COUNTRY,
        u1_0.BIRTH_DATE,
        u1_0.BIRTH_VILLAGE,
        u1_0.COMMENTS,
        u1_0.CONNECTION_METHOD,
        u1_0.CREATED_AT,
        u1_0.CURRENT_CITY,
        u1_0.CURRENT_COUNTRY,
        u1_0.CURRENT_VILLAGE,
        u1_0.EMAIL,
        u1_0.FIRST_NAME,
        u1_0.ID_CARD_ID,
        u1_0.IS_ACTIVE,
        u1_0.LAST_NAME,
        u1_0.MARITAL_STATUS,
        u1_0.MOTHERS_FIRST_NAME,
        u1_0.MOTHERS_LAST_NAME,
        u1_0.NAME,
        u1_0.NATIONALITIES,
        u1_0.NUMBER_OF_KIDS,
        u1_0.OCCUPATION,
        u1_0.PASSWORD,
        u1_0.PHONE,
        u1_0.ROLE_ID,
        u1_0.SEX,
        u1_0.STATUS,
        u1_0.TRIBE,
        u1_0.UPDATED_AT,
        u1_0.WALADOM_CARD_ID 
    from
        USERS u1_0 
    where
        u1_0.ID=?
2025-01-28 23:53:46,066 INFO c.p.w.r.ReportController [http-nio-8083-exec-2] Successfully created report.
2025-01-28 23:54:24,357 INFO c.p.w.o.JwtAuthenticationFilter [http-nio-8083-exec-3] Processing request URI: /api/report/create
2025-01-28 23:54:24,357 DEBUG c.p.w.o.JwtAuthenticationFilter [http-nio-8083-exec-3] Extracted token: eyJhbGciOiJIUzI1NiIsInR5cCI6IkpXVCJ9.eyJzdWIiOiJqYW1hU3RvcEBleGFtcGxlLmNvbSIsImlhdCI6MTczNzc0MTM5MSwiZXhwIjoxNzM4MzQ2MTkxfQ.6FkPJgTNV_h_5KsQVYvnqnfix3Y5qq24jGRYuBM4u94
2025-01-28 23:54:24,358 INFO c.p.w.o.JwtTokenUtil [http-nio-8083-exec-3] Validating token
2025-01-28 23:54:24,358 DEBUG c.p.w.o.JwtTokenUtil [http-nio-8083-exec-3] Token validation successful
2025-01-28 23:54:24,358 INFO c.p.w.o.JwtTokenUtil [http-nio-8083-exec-3] Extracting email from token
2025-01-28 23:54:24,358 DEBUG c.p.w.o.JwtTokenUtil [http-nio-8083-exec-3] Extracted email: jamaStop@example.com
2025-01-28 23:54:24,358 INFO c.p.w.o.JwtTokenUtil [http-nio-8083-exec-3] Extracting role from token
2025-01-28 23:54:24,359 DEBUG c.p.w.o.JwtTokenUtil [http-nio-8083-exec-3] Extracted role: null
2025-01-28 23:54:24,359 INFO c.p.w.o.JwtAuthenticationFilter [http-nio-8083-exec-3] Token is valid. Email: jamaStop@example.com, Role: null
2025-01-28 23:54:24,359 INFO c.p.w.o.JwtAuthenticationFilter [http-nio-8083-exec-3] User 'jamaStop@example.com' authenticated successfully with role: ROLE_null
2025-01-28 23:54:24,359 DEBUG c.p.w.o.JwtAuthenticationFilter [http-nio-8083-exec-3] Proceeding with the filter chain for request: /api/report/create
2025-01-28 23:54:24,360 INFO c.p.w.r.ReportController [http-nio-8083-exec-3] Request received to create a new report.
2025-01-28 23:54:24,409 DEBUG o.h.SQL [http-nio-8083-exec-3] 
    select
        u1_0.ID,
        u1_0.BIRTH_CITY,
        u1_0.BIRTH_COUNTRY,
        u1_0.BIRTH_DATE,
        u1_0.BIRTH_VILLAGE,
        u1_0.COMMENTS,
        u1_0.CONNECTION_METHOD,
        u1_0.CREATED_AT,
        u1_0.CURRENT_CITY,
        u1_0.CURRENT_COUNTRY,
        u1_0.CURRENT_VILLAGE,
        u1_0.EMAIL,
        u1_0.FIRST_NAME,
        u1_0.ID_CARD_ID,
        u1_0.IS_ACTIVE,
        u1_0.LAST_NAME,
        u1_0.MARITAL_STATUS,
        u1_0.MOTHERS_FIRST_NAME,
        u1_0.MOTHERS_LAST_NAME,
        u1_0.NAME,
        u1_0.NATIONALITIES,
        u1_0.NUMBER_OF_KIDS,
        u1_0.OCCUPATION,
        u1_0.PASSWORD,
        u1_0.PHONE,
        u1_0.ROLE_ID,
        u1_0.SEX,
        u1_0.STATUS,
        u1_0.TRIBE,
        u1_0.UPDATED_AT,
        u1_0.WALADOM_CARD_ID 
    from
        USERS u1_0 
    where
        u1_0.ID=?
2025-01-28 23:54:24,482 DEBUG o.h.SQL [http-nio-8083-exec-3] 
    select
        wip1_0.ID,
        wip1_0.CREATED_AT,
        wip1_0.PHOTO_URL,
        wip1_0.UPDATED_AT,
        wip1_0.USER_ID 
    from
        waladom_id_photos wip1_0 
    where
        wip1_0.USER_ID=?
2025-01-28 23:54:24,599 DEBUG o.h.SQL [http-nio-8083-exec-3] 
    insert 
    into
        reports
        (actor, actor_account, actor_desc, actor_name, city, country, created_at, description, google_map_link, status, type, updated_at, user_id, verified, verifier_comment, victim, id) 
    values
        (?, ?, ?, ?, ?, ?, ?, ?, ?, ?, ?, ?, ?, ?, ?, ?, ?)
2025-01-28 23:54:24,668 WARN o.h.e.j.s.SqlExceptionHelper [http-nio-8083-exec-3] SQL Error: 0, SQLState: 23514
2025-01-28 23:54:24,669 ERROR o.h.e.j.s.SqlExceptionHelper [http-nio-8083-exec-3] ERROR: new row for relation "reports" violates check constraint "reports_status_check"
  Detail: Failing row contains (RPT_2025_249_019G, WLD_10590842586, incident, A serious violation of civil rights occurred in the city center., Sudan, Khartoum, gov, Sudanese Government, The central government of Sudan, info@gov.sd, citizen, https://maps.google.com/?q=15.5007,32.5599, under investigation, f, 2025-01-28 23:54:24.587923, 2025-01-28 23:54:24.588029, The report is being verified and further investigations are unde...).
2025-01-28 23:54:24,723 ERROR c.p.w.r.ReportController [http-nio-8083-exec-3] Error occurred while creating report.
org.springframework.dao.DataIntegrityViolationException: could not execute statement [ERROR: new row for relation "reports" violates check constraint "reports_status_check"
  Detail: Failing row contains (RPT_2025_249_019G, WLD_10590842586, incident, A serious violation of civil rights occurred in the city center., Sudan, Khartoum, gov, Sudanese Government, The central government of Sudan, info@gov.sd, citizen, https://maps.google.com/?q=15.5007,32.5599, under investigation, f, 2025-01-28 23:54:24.587923, 2025-01-28 23:54:24.588029, The report is being verified and further investigations are unde...).] [insert into reports (actor,actor_account,actor_desc,actor_name,city,country,created_at,description,google_map_link,status,type,updated_at,user_id,verified,verifier_comment,victim,id) values (?,?,?,?,?,?,?,?,?,?,?,?,?,?,?,?,?)]; SQL [insert into reports (actor,actor_account,actor_desc,actor_name,city,country,created_at,description,google_map_link,status,type,updated_at,user_id,verified,verifier_comment,victim,id) values (?,?,?,?,?,?,?,?,?,?,?,?,?,?,?,?,?)]; constraint [reports_status_check]
	at org.springframework.orm.jpa.vendor.HibernateJpaDialect.convertHibernateAccessException(HibernateJpaDialect.java:290)
	at org.springframework.orm.jpa.vendor.HibernateJpaDialect.translateExceptionIfPossible(HibernateJpaDialect.java:241)
	at org.springframework.orm.jpa.JpaTransactionManager.doCommit(JpaTransactionManager.java:566)
	at org.springframework.transaction.support.AbstractPlatformTransactionManager.processCommit(AbstractPlatformTransactionManager.java:795)
	at org.springframework.transaction.support.AbstractPlatformTransactionManager.commit(AbstractPlatformTransactionManager.java:758)
	at org.springframework.transaction.interceptor.TransactionAspectSupport.commitTransactionAfterReturning(TransactionAspectSupport.java:698)
	at org.springframework.transaction.interceptor.TransactionAspectSupport.invokeWithinTransaction(TransactionAspectSupport.java:416)
	at org.springframework.transaction.interceptor.TransactionInterceptor.invoke(TransactionInterceptor.java:119)
	at org.springframework.aop.framework.ReflectiveMethodInvocation.proceed(ReflectiveMethodInvocation.java:184)
	at org.springframework.aop.framework.CglibAopProxy$DynamicAdvisedInterceptor.intercept(CglibAopProxy.java:727)
	at com.phanta.waladom.report.ReportService$$SpringCGLIB$$0.createReport(<generated>)
	at com.phanta.waladom.report.ReportController.createReport(ReportController.java:66)
	at java.base/jdk.internal.reflect.DirectMethodHandleAccessor.invoke(DirectMethodHandleAccessor.java:103)
	at java.base/java.lang.reflect.Method.invoke(Method.java:580)
	at org.springframework.web.method.support.InvocableHandlerMethod.doInvoke(InvocableHandlerMethod.java:257)
	at org.springframework.web.method.support.InvocableHandlerMethod.invokeForRequest(InvocableHandlerMethod.java:190)
	at org.springframework.web.servlet.mvc.method.annotation.ServletInvocableHandlerMethod.invokeAndHandle(ServletInvocableHandlerMethod.java:118)
	at org.springframework.web.servlet.mvc.method.annotation.RequestMappingHandlerAdapter.invokeHandlerMethod(RequestMappingHandlerAdapter.java:986)
	at org.springframework.web.servlet.mvc.method.annotation.RequestMappingHandlerAdapter.handleInternal(RequestMappingHandlerAdapter.java:891)
	at org.springframework.web.servlet.mvc.method.AbstractHandlerMethodAdapter.handle(AbstractHandlerMethodAdapter.java:87)
	at org.springframework.web.servlet.DispatcherServlet.doDispatch(DispatcherServlet.java:1088)
	at org.springframework.web.servlet.DispatcherServlet.doService(DispatcherServlet.java:978)
	at org.springframework.web.servlet.FrameworkServlet.processRequest(FrameworkServlet.java:1014)
	at org.springframework.web.servlet.FrameworkServlet.doPost(FrameworkServlet.java:914)
	at jakarta.servlet.http.HttpServlet.service(HttpServlet.java:590)
	at org.springframework.web.servlet.FrameworkServlet.service(FrameworkServlet.java:885)
	at jakarta.servlet.http.HttpServlet.service(HttpServlet.java:658)
	at org.apache.catalina.core.ApplicationFilterChain.internalDoFilter(ApplicationFilterChain.java:195)
	at org.apache.catalina.core.ApplicationFilterChain.doFilter(ApplicationFilterChain.java:140)
	at org.apache.tomcat.websocket.server.WsFilter.doFilter(WsFilter.java:51)
	at org.apache.catalina.core.ApplicationFilterChain.internalDoFilter(ApplicationFilterChain.java:164)
	at org.apache.catalina.core.ApplicationFilterChain.doFilter(ApplicationFilterChain.java:140)
	at org.springframework.web.filter.OncePerRequestFilter.doFilter(OncePerRequestFilter.java:110)
	at org.apache.catalina.core.ApplicationFilterChain.internalDoFilter(ApplicationFilterChain.java:164)
	at org.apache.catalina.core.ApplicationFilterChain.doFilter(ApplicationFilterChain.java:140)
	at org.springframework.web.filter.CompositeFilter$VirtualFilterChain.doFilter(CompositeFilter.java:108)
	at org.springframework.security.web.FilterChainProxy.lambda$doFilterInternal$3(FilterChainProxy.java:231)
	at org.springframework.security.web.FilterChainProxy$VirtualFilterChain.doFilter(FilterChainProxy.java:365)
	at org.springframework.security.web.access.intercept.AuthorizationFilter.doFilter(AuthorizationFilter.java:101)
	at org.springframework.security.web.FilterChainProxy$VirtualFilterChain.doFilter(FilterChainProxy.java:374)
	at org.springframework.security.web.access.ExceptionTranslationFilter.doFilter(ExceptionTranslationFilter.java:126)
	at org.springframework.security.web.access.ExceptionTranslationFilter.doFilter(ExceptionTranslationFilter.java:120)
	at org.springframework.security.web.FilterChainProxy$VirtualFilterChain.doFilter(FilterChainProxy.java:374)
	at org.springframework.security.web.session.SessionManagementFilter.doFilter(SessionManagementFilter.java:131)
	at org.springframework.security.web.session.SessionManagementFilter.doFilter(SessionManagementFilter.java:85)
	at org.springframework.security.web.FilterChainProxy$VirtualFilterChain.doFilter(FilterChainProxy.java:374)
	at org.springframework.security.web.authentication.AnonymousAuthenticationFilter.doFilter(AnonymousAuthenticationFilter.java:100)
	at org.springframework.security.web.FilterChainProxy$VirtualFilterChain.doFilter(FilterChainProxy.java:374)
	at org.springframework.security.web.servletapi.SecurityContextHolderAwareRequestFilter.doFilter(SecurityContextHolderAwareRequestFilter.java:179)
	at org.springframework.security.web.FilterChainProxy$VirtualFilterChain.doFilter(FilterChainProxy.java:374)
	at org.springframework.security.web.savedrequest.RequestCacheAwareFilter.doFilter(RequestCacheAwareFilter.java:63)
	at org.springframework.security.web.FilterChainProxy$VirtualFilterChain.doFilter(FilterChainProxy.java:374)
	at com.phanta.waladom.oauthToken.JwtAuthenticationFilter.doFilterInternal(JwtAuthenticationFilter.java:79)
	at org.springframework.web.filter.OncePerRequestFilter.doFilter(OncePerRequestFilter.java:116)
	at org.springframework.security.web.FilterChainProxy$VirtualFilterChain.doFilter(FilterChainProxy.java:374)
	at org.springframework.security.web.authentication.logout.LogoutFilter.doFilter(LogoutFilter.java:107)
	at org.springframework.security.web.authentication.logout.LogoutFilter.doFilter(LogoutFilter.java:93)
	at org.springframework.security.web.FilterChainProxy$VirtualFilterChain.doFilter(FilterChainProxy.java:374)
	at org.springframework.security.web.header.HeaderWriterFilter.doHeadersAfter(HeaderWriterFilter.java:90)
	at org.springframework.security.web.header.HeaderWriterFilter.doFilterInternal(HeaderWriterFilter.java:75)
	at org.springframework.web.filter.OncePerRequestFilter.doFilter(OncePerRequestFilter.java:116)
	at org.springframework.security.web.FilterChainProxy$VirtualFilterChain.doFilter(FilterChainProxy.java:374)
	at org.springframework.security.web.context.SecurityContextHolderFilter.doFilter(SecurityContextHolderFilter.java:82)
	at org.springframework.security.web.context.SecurityContextHolderFilter.doFilter(SecurityContextHolderFilter.java:69)
	at org.springframework.security.web.FilterChainProxy$VirtualFilterChain.doFilter(FilterChainProxy.java:374)
	at org.springframework.security.web.context.request.async.WebAsyncManagerIntegrationFilter.doFilterInternal(WebAsyncManagerIntegrationFilter.java:62)
	at org.springframework.web.filter.OncePerRequestFilter.doFilter(OncePerRequestFilter.java:116)
	at org.springframework.security.web.FilterChainProxy$VirtualFilterChain.doFilter(FilterChainProxy.java:374)
	at org.springframework.security.web.session.DisableEncodeUrlFilter.doFilterInternal(DisableEncodeUrlFilter.java:42)
	at org.springframework.web.filter.OncePerRequestFilter.doFilter(OncePerRequestFilter.java:116)
	at org.springframework.security.web.FilterChainProxy$VirtualFilterChain.doFilter(FilterChainProxy.java:374)
	at org.springframework.security.web.FilterChainProxy.doFilterInternal(FilterChainProxy.java:233)
	at org.springframework.security.web.FilterChainProxy.doFilter(FilterChainProxy.java:191)
	at org.springframework.web.filter.CompositeFilter$VirtualFilterChain.doFilter(CompositeFilter.java:113)
	at org.springframework.web.servlet.handler.HandlerMappingIntrospector.lambda$createCacheFilter$3(HandlerMappingIntrospector.java:243)
	at org.springframework.web.filter.CompositeFilter$VirtualFilterChain.doFilter(CompositeFilter.java:113)
	at org.springframework.web.filter.CompositeFilter.doFilter(CompositeFilter.java:74)
	at org.springframework.security.config.annotation.web.configuration.WebMvcSecurityConfiguration$CompositeFilterChainProxy.doFilter(WebMvcSecurityConfiguration.java:238)
	at org.springframework.web.filter.DelegatingFilterProxy.invokeDelegate(DelegatingFilterProxy.java:362)
	at org.springframework.web.filter.DelegatingFilterProxy.doFilter(DelegatingFilterProxy.java:278)
	at org.apache.catalina.core.ApplicationFilterChain.internalDoFilter(ApplicationFilterChain.java:164)
	at org.apache.catalina.core.ApplicationFilterChain.doFilter(ApplicationFilterChain.java:140)
	at org.springframework.web.filter.RequestContextFilter.doFilterInternal(RequestContextFilter.java:100)
	at org.springframework.web.filter.OncePerRequestFilter.doFilter(OncePerRequestFilter.java:116)
	at org.apache.catalina.core.ApplicationFilterChain.internalDoFilter(ApplicationFilterChain.java:164)
	at org.apache.catalina.core.ApplicationFilterChain.doFilter(ApplicationFilterChain.java:140)
	at org.springframework.web.filter.FormContentFilter.doFilterInternal(FormContentFilter.java:93)
	at org.springframework.web.filter.OncePerRequestFilter.doFilter(OncePerRequestFilter.java:116)
	at org.apache.catalina.core.ApplicationFilterChain.internalDoFilter(ApplicationFilterChain.java:164)
	at org.apache.catalina.core.ApplicationFilterChain.doFilter(ApplicationFilterChain.java:140)
	at org.springframework.web.filter.CharacterEncodingFilter.doFilterInternal(CharacterEncodingFilter.java:201)
	at org.springframework.web.filter.OncePerRequestFilter.doFilter(OncePerRequestFilter.java:116)
	at org.apache.catalina.core.ApplicationFilterChain.internalDoFilter(ApplicationFilterChain.java:164)
	at org.apache.catalina.core.ApplicationFilterChain.doFilter(ApplicationFilterChain.java:140)
	at org.apache.catalina.core.StandardWrapperValve.invoke(StandardWrapperValve.java:167)
	at org.apache.catalina.core.StandardContextValve.invoke(StandardContextValve.java:90)
	at org.apache.catalina.authenticator.AuthenticatorBase.invoke(AuthenticatorBase.java:483)
	at org.apache.catalina.core.StandardHostValve.invoke(StandardHostValve.java:115)
	at org.apache.catalina.valves.ErrorReportValve.invoke(ErrorReportValve.java:93)
	at org.apache.catalina.core.StandardEngineValve.invoke(StandardEngineValve.java:74)
	at org.apache.catalina.connector.CoyoteAdapter.service(CoyoteAdapter.java:344)
	at org.apache.coyote.http11.Http11Processor.service(Http11Processor.java:397)
	at org.apache.coyote.AbstractProcessorLight.process(AbstractProcessorLight.java:63)
	at org.apache.coyote.AbstractProtocol$ConnectionHandler.process(AbstractProtocol.java:905)
	at org.apache.tomcat.util.net.NioEndpoint$SocketProcessor.doRun(NioEndpoint.java:1741)
	at org.apache.tomcat.util.net.SocketProcessorBase.run(SocketProcessorBase.java:52)
	at org.apache.tomcat.util.threads.ThreadPoolExecutor.runWorker(ThreadPoolExecutor.java:1190)
	at org.apache.tomcat.util.threads.ThreadPoolExecutor$Worker.run(ThreadPoolExecutor.java:659)
	at org.apache.tomcat.util.threads.TaskThread$WrappingRunnable.run(TaskThread.java:63)
	at java.base/java.lang.Thread.run(Thread.java:1575)
Caused by: org.hibernate.exception.ConstraintViolationException: could not execute statement [ERROR: new row for relation "reports" violates check constraint "reports_status_check"
  Detail: Failing row contains (RPT_2025_249_019G, WLD_10590842586, incident, A serious violation of civil rights occurred in the city center., Sudan, Khartoum, gov, Sudanese Government, The central government of Sudan, info@gov.sd, citizen, https://maps.google.com/?q=15.5007,32.5599, under investigation, f, 2025-01-28 23:54:24.587923, 2025-01-28 23:54:24.588029, The report is being verified and further investigations are unde...).] [insert into reports (actor,actor_account,actor_desc,actor_name,city,country,created_at,description,google_map_link,status,type,updated_at,user_id,verified,verifier_comment,victim,id) values (?,?,?,?,?,?,?,?,?,?,?,?,?,?,?,?,?)]
	at org.hibernate.exception.internal.SQLStateConversionDelegate.convert(SQLStateConversionDelegate.java:97)
	at org.hibernate.exception.internal.StandardSQLExceptionConverter.convert(StandardSQLExceptionConverter.java:58)
	at org.hibernate.engine.jdbc.spi.SqlExceptionHelper.convert(SqlExceptionHelper.java:108)
	at org.hibernate.engine.jdbc.internal.ResultSetReturnImpl.executeUpdate(ResultSetReturnImpl.java:197)
	at org.hibernate.engine.jdbc.mutation.internal.AbstractMutationExecutor.performNonBatchedMutation(AbstractMutationExecutor.java:134)
	at org.hibernate.engine.jdbc.mutation.internal.MutationExecutorSingleNonBatched.performNonBatchedOperations(MutationExecutorSingleNonBatched.java:55)
	at org.hibernate.engine.jdbc.mutation.internal.AbstractMutationExecutor.execute(AbstractMutationExecutor.java:55)
	at org.hibernate.persister.entity.mutation.InsertCoordinatorStandard.doStaticInserts(InsertCoordinatorStandard.java:194)
	at org.hibernate.persister.entity.mutation.InsertCoordinatorStandard.coordinateInsert(InsertCoordinatorStandard.java:132)
	at org.hibernate.persister.entity.mutation.InsertCoordinatorStandard.insert(InsertCoordinatorStandard.java:104)
	at org.hibernate.action.internal.EntityInsertAction.execute(EntityInsertAction.java:110)
	at org.hibernate.engine.spi.ActionQueue.executeActions(ActionQueue.java:644)
	at org.hibernate.engine.spi.ActionQueue.executeActions(ActionQueue.java:511)
	at org.hibernate.event.internal.AbstractFlushingEventListener.performExecutions(AbstractFlushingEventListener.java:414)
	at org.hibernate.event.internal.DefaultFlushEventListener.onFlush(DefaultFlushEventListener.java:41)
	at org.hibernate.event.service.internal.EventListenerGroupImpl.fireEventOnEachListener(EventListenerGroupImpl.java:127)
	at org.hibernate.internal.SessionImpl.doFlush(SessionImpl.java:1429)
	at org.hibernate.internal.SessionImpl.managedFlush(SessionImpl.java:491)
	at org.hibernate.internal.SessionImpl.flushBeforeTransactionCompletion(SessionImpl.java:2354)
	at org.hibernate.internal.SessionImpl.beforeTransactionCompletion(SessionImpl.java:1978)
	at org.hibernate.engine.jdbc.internal.JdbcCoordinatorImpl.beforeTransactionCompletion(JdbcCoordinatorImpl.java:439)
	at org.hibernate.resource.transaction.backend.jdbc.internal.JdbcResourceLocalTransactionCoordinatorImpl.beforeCompletionCallback(JdbcResourceLocalTransactionCoordinatorImpl.java:169)
	at org.hibernate.resource.transaction.backend.jdbc.internal.JdbcResourceLocalTransactionCoordinatorImpl$TransactionDriverControlImpl.commit(JdbcResourceLocalTransactionCoordinatorImpl.java:267)
	at org.hibernate.engine.transaction.internal.TransactionImpl.commit(TransactionImpl.java:101)
	at org.springframework.orm.jpa.JpaTransactionManager.doCommit(JpaTransactionManager.java:562)
	... 107 common frames omitted
Caused by: org.postgresql.util.PSQLException: ERROR: new row for relation "reports" violates check constraint "reports_status_check"
  Detail: Failing row contains (RPT_2025_249_019G, WLD_10590842586, incident, A serious violation of civil rights occurred in the city center., Sudan, Khartoum, gov, Sudanese Government, The central government of Sudan, info@gov.sd, citizen, https://maps.google.com/?q=15.5007,32.5599, under investigation, f, 2025-01-28 23:54:24.587923, 2025-01-28 23:54:24.588029, The report is being verified and further investigations are unde...).
	at org.postgresql.core.v3.QueryExecutorImpl.receiveErrorResponse(QueryExecutorImpl.java:2733)
	at org.postgresql.core.v3.QueryExecutorImpl.processResults(QueryExecutorImpl.java:2420)
	at org.postgresql.core.v3.QueryExecutorImpl.execute(QueryExecutorImpl.java:372)
	at org.postgresql.jdbc.PgStatement.executeInternal(PgStatement.java:517)
	at org.postgresql.jdbc.PgStatement.execute(PgStatement.java:434)
	at org.postgresql.jdbc.PgPreparedStatement.executeWithFlags(PgPreparedStatement.java:194)
	at org.postgresql.jdbc.PgPreparedStatement.executeUpdate(PgPreparedStatement.java:155)
	at com.zaxxer.hikari.pool.ProxyPreparedStatement.executeUpdate(ProxyPreparedStatement.java:61)
	at com.zaxxer.hikari.pool.HikariProxyPreparedStatement.executeUpdate(HikariProxyPreparedStatement.java)
	at org.hibernate.engine.jdbc.internal.ResultSetReturnImpl.executeUpdate(ResultSetReturnImpl.java:194)
	... 128 common frames omitted
2025-01-28 23:55:38,300 INFO c.p.w.o.JwtAuthenticationFilter [http-nio-8083-exec-4] Processing request URI: /api/report/create
2025-01-28 23:55:38,300 DEBUG c.p.w.o.JwtAuthenticationFilter [http-nio-8083-exec-4] Extracted token: eyJhbGciOiJIUzI1NiIsInR5cCI6IkpXVCJ9.eyJzdWIiOiJqYW1hU3RvcEBleGFtcGxlLmNvbSIsImlhdCI6MTczNzc0MTM5MSwiZXhwIjoxNzM4MzQ2MTkxfQ.6FkPJgTNV_h_5KsQVYvnqnfix3Y5qq24jGRYuBM4u94
2025-01-28 23:55:38,300 INFO c.p.w.o.JwtTokenUtil [http-nio-8083-exec-4] Validating token
2025-01-28 23:55:38,301 DEBUG c.p.w.o.JwtTokenUtil [http-nio-8083-exec-4] Token validation successful
2025-01-28 23:55:38,301 INFO c.p.w.o.JwtTokenUtil [http-nio-8083-exec-4] Extracting email from token
2025-01-28 23:55:38,302 DEBUG c.p.w.o.JwtTokenUtil [http-nio-8083-exec-4] Extracted email: jamaStop@example.com
2025-01-28 23:55:38,302 INFO c.p.w.o.JwtTokenUtil [http-nio-8083-exec-4] Extracting role from token
2025-01-28 23:55:38,302 DEBUG c.p.w.o.JwtTokenUtil [http-nio-8083-exec-4] Extracted role: null
2025-01-28 23:55:38,302 INFO c.p.w.o.JwtAuthenticationFilter [http-nio-8083-exec-4] Token is valid. Email: jamaStop@example.com, Role: null
2025-01-28 23:55:38,302 INFO c.p.w.o.JwtAuthenticationFilter [http-nio-8083-exec-4] User 'jamaStop@example.com' authenticated successfully with role: ROLE_null
2025-01-28 23:55:38,302 DEBUG c.p.w.o.JwtAuthenticationFilter [http-nio-8083-exec-4] Proceeding with the filter chain for request: /api/report/create
2025-01-28 23:55:38,304 INFO c.p.w.r.ReportController [http-nio-8083-exec-4] Request received to create a new report.
2025-01-28 23:55:38,355 DEBUG o.h.SQL [http-nio-8083-exec-4] 
    select
        u1_0.ID,
        u1_0.BIRTH_CITY,
        u1_0.BIRTH_COUNTRY,
        u1_0.BIRTH_DATE,
        u1_0.BIRTH_VILLAGE,
        u1_0.COMMENTS,
        u1_0.CONNECTION_METHOD,
        u1_0.CREATED_AT,
        u1_0.CURRENT_CITY,
        u1_0.CURRENT_COUNTRY,
        u1_0.CURRENT_VILLAGE,
        u1_0.EMAIL,
        u1_0.FIRST_NAME,
        u1_0.ID_CARD_ID,
        u1_0.IS_ACTIVE,
        u1_0.LAST_NAME,
        u1_0.MARITAL_STATUS,
        u1_0.MOTHERS_FIRST_NAME,
        u1_0.MOTHERS_LAST_NAME,
        u1_0.NAME,
        u1_0.NATIONALITIES,
        u1_0.NUMBER_OF_KIDS,
        u1_0.OCCUPATION,
        u1_0.PASSWORD,
        u1_0.PHONE,
        u1_0.ROLE_ID,
        u1_0.SEX,
        u1_0.STATUS,
        u1_0.TRIBE,
        u1_0.UPDATED_AT,
        u1_0.WALADOM_CARD_ID 
    from
        USERS u1_0 
    where
        u1_0.ID=?
2025-01-28 23:55:38,409 DEBUG o.h.SQL [http-nio-8083-exec-4] 
    select
        wip1_0.ID,
        wip1_0.CREATED_AT,
        wip1_0.PHOTO_URL,
        wip1_0.UPDATED_AT,
        wip1_0.USER_ID 
    from
        waladom_id_photos wip1_0 
    where
        wip1_0.USER_ID=?
2025-01-28 23:55:38,461 DEBUG o.h.SQL [http-nio-8083-exec-4] 
    insert 
    into
        reports
        (actor, actor_account, actor_desc, actor_name, city, country, created_at, description, google_map_link, status, type, updated_at, user_id, verified, verifier_comment, victim, id) 
    values
        (?, ?, ?, ?, ?, ?, ?, ?, ?, ?, ?, ?, ?, ?, ?, ?, ?)
2025-01-28 23:55:38,517 DEBUG o.h.SQL [http-nio-8083-exec-4] 
    update
        reports 
    set
        actor=?,
        actor_account=?,
        actor_desc=?,
        actor_name=?,
        city=?,
        country=?,
        description=?,
        google_map_link=?,
        status=?,
        type=?,
        updated_at=?,
        user_id=?,
        verified=?,
        verifier_comment=?,
        victim=? 
    where
        id=?
2025-01-28 23:55:38,625 INFO c.p.w.r.ReportController [http-nio-8083-exec-4] Successfully created report.
2025-01-28 23:58:13,972 INFO o.s.b.w.e.t.GracefulShutdown [SpringApplicationShutdownHook] Commencing graceful shutdown. Waiting for active requests to complete
2025-01-28 23:58:13,974 INFO o.s.b.w.e.t.GracefulShutdown [tomcat-shutdown] Graceful shutdown complete
2025-01-28 23:58:13,980 INFO o.s.o.j.LocalContainerEntityManagerFactoryBean [SpringApplicationShutdownHook] Closing JPA EntityManagerFactory for persistence unit 'default'
2025-01-28 23:58:13,983 INFO c.z.h.HikariDataSource [SpringApplicationShutdownHook] HikariPool-1 - Shutdown initiated...
2025-01-28 23:58:14,087 INFO c.z.h.HikariDataSource [SpringApplicationShutdownHook] HikariPool-1 - Shutdown completed.
2025-01-28 23:58:17,476 INFO c.p.w.WaladomApplication [main] Starting WaladomApplication using Java 23.0.1 with PID 64530 (/home/ibo/projects/waladom/backend/waladomBackEnd/waladom/target/classes started by ibo in /home/ibo/projects/waladom/backend/waladomBackEnd/waladom)
2025-01-28 23:58:17,477 DEBUG c.p.w.WaladomApplication [main] Running with Spring Boot v3.4.1, Spring v6.2.1
2025-01-28 23:58:17,478 INFO c.p.w.WaladomApplication [main] No active profile set, falling back to 1 default profile: "default"
2025-01-28 23:58:18,368 INFO o.s.d.r.c.RepositoryConfigurationDelegate [main] Bootstrapping Spring Data JPA repositories in DEFAULT mode.
2025-01-28 23:58:18,459 INFO o.s.d.r.c.RepositoryConfigurationDelegate [main] Finished Spring Data repository scanning in 79 ms. Found 13 JPA repository interfaces.
2025-01-28 23:58:19,173 INFO o.s.b.w.e.t.TomcatWebServer [main] Tomcat initialized with port 8083 (http)
2025-01-28 23:58:19,189 INFO o.a.c.c.StandardService [main] Starting service [Tomcat]
2025-01-28 23:58:19,189 INFO o.a.c.c.StandardEngine [main] Starting Servlet engine: [Apache Tomcat/10.1.34]
2025-01-28 23:58:19,245 INFO o.a.c.c.C.[.[.[/] [main] Initializing Spring embedded WebApplicationContext
2025-01-28 23:58:19,245 INFO o.s.b.w.s.c.ServletWebServerApplicationContext [main] Root WebApplicationContext: initialization completed in 1693 ms
2025-01-28 23:58:19,320 DEBUG c.p.w.o.JwtAuthenticationFilter [main] Filter 'jwtAuthenticationFilter' configured for use
2025-01-28 23:58:19,464 INFO o.h.j.i.u.LogHelper [main] HHH000204: Processing PersistenceUnitInfo [name: default]
2025-01-28 23:58:19,553 INFO o.h.Version [main] HHH000412: Hibernate ORM core version 6.6.4.Final
2025-01-28 23:58:19,597 INFO o.h.c.i.RegionFactoryInitiator [main] HHH000026: Second-level cache disabled
2025-01-28 23:58:19,888 INFO o.s.o.j.p.SpringPersistenceUnitInfo [main] No LoadTimeWeaver setup: ignoring JPA class transformer
2025-01-28 23:58:19,921 INFO c.z.h.HikariDataSource [main] HikariPool-1 - Starting...
2025-01-28 23:58:20,700 INFO c.z.h.p.HikariPool [main] HikariPool-1 - Added connection org.postgresql.jdbc.PgConnection@3e2772a9
2025-01-28 23:58:20,702 INFO c.z.h.HikariDataSource [main] HikariPool-1 - Start completed.
2025-01-28 23:58:20,971 INFO o.h.o.c.pooling [main] HHH10001005: Database info:
	Database JDBC URL [Connecting through datasource 'HikariDataSource (HikariPool-1)']
	Database driver: undefined/unknown
	Database version: 16.3
	Autocommit mode: undefined/unknown
	Isolation level: undefined/unknown
	Minimum pool size: undefined/unknown
	Maximum pool size: undefined/unknown
2025-01-28 23:58:22,102 INFO o.h.e.t.j.p.i.JtaPlatformInitiator [main] HHH000489: No JTA platform available (set 'hibernate.transaction.jta.platform' to enable JTA platform integration)
2025-01-28 23:58:24,167 INFO o.s.o.j.LocalContainerEntityManagerFactoryBean [main] Initialized JPA EntityManagerFactory for persistence unit 'default'
2025-01-28 23:58:24,509 INFO o.s.d.j.r.q.QueryEnhancerFactory [main] Hibernate is in classpath; If applicable, HQL parser will be used.
2025-01-28 23:58:26,139 INFO c.p.w.u.UserController [main] UserController initialized with UserService, UserAndRegistrationService, and ObjectMapper.
2025-01-28 23:58:26,185 WARN o.s.b.a.o.j.JpaBaseConfiguration$JpaWebConfiguration [main] spring.jpa.open-in-view is enabled by default. Therefore, database queries may be performed during view rendering. Explicitly configure spring.jpa.open-in-view to disable this warning
2025-01-28 23:58:26,231 INFO o.s.s.c.a.a.c.InitializeUserDetailsBeanManagerConfigurer$InitializeUserDetailsManagerConfigurer [main] Global AuthenticationManager configured with UserDetailsService bean with name inMemoryUserDetailsManager
2025-01-28 23:58:26,283 WARN o.s.s.c.a.w.c.AuthorizeHttpRequestsConfigurer$AuthorizationManagerRequestMatcherRegistry [main] One of the patterns in [/api/auth/login, /api/auth/refresh, /api/user/createDTO, api/verification/**, /public/**, /api/user/password/**, /api/user/register/create] is missing a leading slash. This is discouraged; please include the leading slash in all your request matcher patterns. In future versions of Spring Security, leaving out the leading slash will result in an exception.
2025-01-28 23:58:26,965 INFO o.s.b.w.e.t.TomcatWebServer [main] Tomcat started on port 8083 (http) with context path '/'
2025-01-28 23:58:26,973 INFO c.p.w.WaladomApplication [main] Started WaladomApplication in 9.952 seconds (process running for 10.738)
2025-01-28 23:58:26,976 INFO c.p.w.WaladomApplication [main] Waladom application is running....
